<?xml version="1.0" encoding="UTF-8"?>
<!-- Generated by org.testng.reporters.JUnitXMLReporter -->
<testsuite hostname="DESKTOP-76D66A7" ignored="0" name="Demosphere Feature Testing---create account" tests="4" failures="0" timestamp="24 Feb 2021 23:22:16 GMT" time="18.171" errors="0">
  <testcase name="verify_authentication" time="1.247" classname="com.qa.Demosphere.test.CreateAccountPageTest"/>
  <testcase name="enter_personal_information" time="6.37" classname="com.qa.Demosphere.test.CreateAccountPageTest"/>
  <testcase name="click_on_signout_link" time="1.336" classname="com.qa.Demosphere.test.CreateAccountPageTest"/>
  <testcase name="create_failed_account" time="2.137" classname="com.qa.Demosphere.test.CreateAccountPageTest"/>
</testsuite> <!-- Demosphere Feature Testing-create account -->
