<?xml version="1.0" encoding="UTF-8"?>
<!-- Generated by org.testng.reporters.JUnitXMLReporter -->
<testsuite hostname="DESKTOP-76D66A7" ignored="0" name="Demosphere Feature Testing---home" tests="2" failures="0" timestamp="24 Feb 2021 23:21:58 GMT" time="11.64" errors="0">
  <testcase name="failed_search_criteria" time="1.202" classname="com.qa.Demosphere.test.HomePageTest"/>
  <testcase name="good_search_criteria" time="1.591" classname="com.qa.Demosphere.test.HomePageTest"/>
</testsuite> <!-- Demosphere Feature Testing-home -->
