<?xml version="1.0" encoding="UTF-8"?>
<!-- Generated by org.testng.reporters.JUnitXMLReporter -->
<testsuite hostname="DESKTOP-76D66A7" ignored="0" name="Demosphere Feature Testing account" tests="4" failures="3" timestamp="02 Dec 2020 13:54:24 GMT" time="23.608" errors="0">
  <testcase name="verify_authentication" time="1.173" classname="com.qa.Demosphere.test.CreateAccountPageTest"/>
  <testcase name="enter_personal_information" time="10.797" classname="com.qa.Demosphere.test.CreateAccountPageTest">
    <failure type="java.lang.NullPointerException">
      <![CDATA[java.lang.NullPointerException
at com.qa.Demosphere.utils.ElementUtil.doClick(ElementUtil.java:55)
at com.qa.Demosphere.pages.CreateAccountPage.create_account_with_details(CreateAccountPage.java:114)
at com.qa.Demosphere.test.CreateAccountPageTest.enter_personal_information(CreateAccountPageTest.java:27)
... Removed 25 stack frames]]>
    </failure>
  </testcase> <!-- enter_personal_information -->
  <testcase name="click_on_signout_link" time="0.05" classname="com.qa.Demosphere.test.CreateAccountPageTest">
    <failure type="java.lang.NullPointerException">
      <![CDATA[java.lang.NullPointerException
at com.qa.Demosphere.utils.ElementUtil.doClick(ElementUtil.java:55)
at com.qa.Demosphere.pages.CreateAccountPage.clickon_signout_link(CreateAccountPage.java:171)
at com.qa.Demosphere.test.CreateAccountPageTest.click_on_signout_link(CreateAccountPageTest.java:37)
... Removed 25 stack frames]]>
    </failure>
  </testcase> <!-- click_on_signout_link -->
  <testcase name="create_failed_account" time="0.016" classname="com.qa.Demosphere.test.CreateAccountPageTest">
    <failure type="java.lang.NullPointerException">
      <![CDATA[java.lang.NullPointerException
at com.qa.Demosphere.utils.ElementUtil.doClick(ElementUtil.java:55)
at com.qa.Demosphere.pages.CreateAccountPage.createfailed_account(CreateAccountPage.java:181)
at com.qa.Demosphere.test.CreateAccountPageTest.create_failed_account(CreateAccountPageTest.java:47)
... Removed 25 stack frames]]>
    </failure>
  </testcase> <!-- create_failed_account -->
</testsuite> <!-- Demosphere Feature Testing account -->
