<?xml version="1.0" encoding="UTF-8"?>
<!-- Generated by org.testng.reporters.JUnitXMLReporter -->
<testsuite hostname="DESKTOP-76D66A7" ignored="0" name="Demosphere Feature Testing ---create account" tests="4" failures="0" timestamp="02 Dec 2020 20:05:01 GMT" time="21.952" errors="0">
  <testcase name="verify_authentication" time="1.181" classname="com.qa.Demosphere.test.CreateAccountPageTest"/>
  <testcase name="enter_personal_information" time="7.454" classname="com.qa.Demosphere.test.CreateAccountPageTest"/>
  <testcase name="click_on_signout_link" time="1.397" classname="com.qa.Demosphere.test.CreateAccountPageTest"/>
  <testcase name="create_failed_account" time="2.133" classname="com.qa.Demosphere.test.CreateAccountPageTest"/>
</testsuite> <!-- Demosphere Feature Testing -create account -->
