<?xml version="1.0" encoding="UTF-8"?>
<!-- Generated by org.testng.reporters.JUnitXMLReporter -->
<testsuite hostname="DESKTOP-76D66A7" ignored="4" name="Surefire test" tests="3" failures="2" timestamp="13 Dec 2020 08:55:02 GMT" time="59.581" errors="0">
  <testcase name="manipulate_cart" time="15.58" classname="com.qa.Demosphere.test.CartPageTest"/>
  <testcase name="failed_search_criteria" time="0.001" classname="com.qa.Demosphere.test.HomePageTest">
    <failure type="java.lang.NullPointerException">
      <![CDATA[java.lang.NullPointerException
at com.qa.Demosphere.test.HomePageTest.failed_search_criteria(HomePageTest.java:12)
... Removed 29 stack frames]]>
    </failure>
  </testcase> <!-- failed_search_criteria -->
  <testcase name="good_search_criteria" time="0.0" classname="com.qa.Demosphere.test.HomePageTest">
    <failure type="java.lang.NullPointerException">
      <![CDATA[java.lang.NullPointerException
at com.qa.Demosphere.test.HomePageTest.good_search_criteria(HomePageTest.java:20)
... Removed 29 stack frames]]>
    </failure>
  </testcase> <!-- good_search_criteria -->
  <testcase name="@AfterTest tearDown" time="0.0" classname="com.qa.Demosphere.base.BaseTest">
    <ignored/>
  </testcase> <!-- @AfterTest tearDown -->
  <testcase name="@AfterTest tearDown" time="0.0" classname="com.qa.Demosphere.base.BaseTest">
    <ignored/>
  </testcase> <!-- @AfterTest tearDown -->
  <testcase name="@BeforeTest setUp" time="0.0" classname="com.qa.Demosphere.base.BaseTest">
    <ignored/>
  </testcase> <!-- @BeforeTest setUp -->
  <testcase name="@BeforeTest setUp" time="0.0" classname="com.qa.Demosphere.base.BaseTest">
    <ignored/>
  </testcase> <!-- @BeforeTest setUp -->
</testsuite> <!-- Surefire test -->
