<?xml version="1.0" encoding="UTF-8"?>
<!-- Generated by org.testng.reporters.JUnitXMLReporter -->
<testsuite hostname="DESKTOP-76D66A7" ignored="0" name="Default test" tests="4" failures="0" timestamp="24 Feb 2021 23:17:50 GMT" time="23.398" errors="0">
  <testcase name="verify_authentication" time="1.17" classname="com.qa.Demosphere.test.CreateAccountPageTest"/>
  <testcase name="enter_personal_information" time="7.024" classname="com.qa.Demosphere.test.CreateAccountPageTest"/>
  <testcase name="click_on_signout_link" time="2.054" classname="com.qa.Demosphere.test.CreateAccountPageTest"/>
  <testcase name="create_failed_account" time="2.52" classname="com.qa.Demosphere.test.CreateAccountPageTest"/>
</testsuite> <!-- Default test -->
